
=== Fri Nov 13 10:33:33 2020

Packages were changed.
Update Mode: mergeDefaultDependencies

The following packages were added:
  com.unity.collab-proxy@1.3.9
  com.unity.ide.rider@1.2.1
  com.unity.ide.visualstudio@2.0.3
  com.unity.ide.vscode@1.2.3
  com.unity.modules.ai@1.0.0
  com.unity.modules.androidjni@1.0.0
  com.unity.modules.animation@1.0.0
  com.unity.modules.assetbundle@1.0.0
  com.unity.modules.audio@1.0.0
  com.unity.modules.cloth@1.0.0
  com.unity.modules.director@1.0.0
  com.unity.modules.imageconversion@1.0.0
  com.unity.modules.imgui@1.0.0
  com.unity.modules.jsonserialize@1.0.0
  com.unity.modules.particlesystem@1.0.0
  com.unity.modules.physics@1.0.0
  com.unity.modules.physics2d@1.0.0
  com.unity.modules.screencapture@1.0.0
  com.unity.modules.terrain@1.0.0
  com.unity.modules.terrainphysics@1.0.0
  com.unity.modules.tilemap@1.0.0
  com.unity.modules.ui@1.0.0
  com.unity.modules.uielements@1.0.0
  com.unity.modules.umbra@1.0.0
  com.unity.modules.unityanalytics@1.0.0
  com.unity.modules.unitywebrequest@1.0.0
  com.unity.modules.unitywebrequestassetbundle@1.0.0
  com.unity.modules.unitywebrequestaudio@1.0.0
  com.unity.modules.unitywebrequesttexture@1.0.0
  com.unity.modules.unitywebrequestwww@1.0.0
  com.unity.modules.vehicles@1.0.0
  com.unity.modules.video@1.0.0
  com.unity.modules.vr@1.0.0
  com.unity.modules.wind@1.0.0
  com.unity.modules.xr@1.0.0
  com.unity.test-framework@1.1.18
  com.unity.textmeshpro@3.0.1
  com.unity.timeline@1.3.6
  com.unity.ugui@1.0.0

=== Wed Dec 23 19:59:52 2020

Packages were changed.
Update Mode: updateDependencies

The following packages were updated:
  com.unity.ide.rider from version 1.2.1 to 2.0.7
  com.unity.ide.visualstudio from version 2.0.3 to 2.0.5
  com.unity.test-framework from version 1.1.18 to 1.1.19

=== Fri Jan 22 22:00:05 2021

Packages were changed.
Update Mode: updateDependencies

The following packages were updated:
  com.unity.test-framework from version 1.1.19 to 1.1.20

=== Sat Feb  6 14:02:11 2021

Packages were changed.
Update Mode: updateDependencies

The following packages were updated:
  com.unity.ads from version 3.5.2 to 3.6.1

=== Sat May 15 14:28:53 2021

Packages were changed.
Update Mode: updateDependencies

The following packages were updated:
  com.unity.ads from version 3.6.1 to 3.7.1
  com.unity.ide.rider from version 2.0.7 to 3.0.6
  com.unity.ide.visualstudio from version 2.0.5 to 2.0.7
  com.unity.probuilder from version 4.4.0 to 5.0.3
  com.unity.test-framework from version 1.1.20 to 1.1.24
  com.unity.textmeshpro from version 3.0.1 to 3.0.4
  com.unity.timeline from version 1.3.6 to 1.5.4

=== Sun May 30 20:43:14 2021

Packages were changed.
Update Mode: updateDependencies

The following packages were updated:
  com.unity.collab-proxy from version 1.3.9 to 1.5.7
  com.unity.ide.visualstudio from version 2.0.7 to 2.0.8
  com.unity.textmeshpro from version 3.0.4 to 3.0.6
  com.unity.timeline from version 1.5.4 to 1.5.5

=== Thu Jul 29 15:36:16 2021

Packages were changed.
Update Mode: updateDependencies

The following packages were updated:
  com.unity.ide.rider from version 3.0.6 to 3.0.7
  com.unity.ide.visualstudio from version 2.0.8 to 2.0.9
  com.unity.test-framework from version 1.1.24 to 1.1.27

=== Thu Aug 12 20:24:17 2021

Packages were changed.
Update Mode: updateDependencies

The following packages were updated:
  com.unity.collab-proxy from version 1.5.7 to 1.7.1
  com.unity.timeline from version 1.5.5 to 1.5.6

=== Sun Oct  3 20:51:06 2021

Packages were changed.
Update Mode: updateDependencies

The following packages were updated:
  com.unity.ads from version 3.7.1 to 3.7.5
  com.unity.collab-proxy from version 1.7.1 to 1.9.0
  com.unity.ide.visualstudio from version 2.0.9 to 2.0.11
  com.unity.ide.vscode from version 1.2.3 to 1.2.4
  com.unity.test-framework from version 1.1.27 to 1.1.29
